c:\users\hs\source\repos\양한석src\양한석src\debug\vc142.pdb
c:\users\hs\source\repos\양한석src\양한석src\debug\vc142.idb
c:\users\hs\source\repos\양한석src\양한석src\debug\9012.obj
c:\users\hs\source\repos\양한석src\양한석src\debug\brainfuck.obj
c:\users\hs\source\repos\양한석src\양한석src\debug\dummy.obj
c:\users\hs\source\repos\양한석src\양한석src\debug\10828.obj
c:\users\hs\source\repos\양한석src\양한석src\debug\1157.obj
c:\users\hs\source\repos\양한석src\양한석src\debug\1874.obj
c:\users\hs\source\repos\양한석src\양한석src\debug\1406.obj
c:\users\hs\source\repos\양한석src\양한석src\debug\10845.obj
c:\users\hs\source\repos\양한석src\양한석src\debug\1158.obj
c:\users\hs\source\repos\양한석src\양한석src\debug\17413.obj
c:\users\hs\source\repos\양한석src\양한석src\debug\10799.obj
c:\users\hs\source\repos\양한석src\양한석src\debug\17298.obj
c:\users\hs\source\repos\양한석src\양한석src\debug\17478.obj
c:\users\hs\source\repos\양한석src\양한석src\debug\6588.obj
c:\users\hs\source\repos\양한석src\양한석src\debug\1676.obj
c:\users\hs\source\repos\양한석src\양한석src\debug\1463.obj
c:\users\hs\source\repos\양한석src\양한석src\debug\11726.obj
c:\users\hs\source\repos\양한석src\양한석src\debug\11727.obj
c:\users\hs\source\repos\양한석src\양한석src\debug\9095.obj
c:\users\hs\source\repos\양한석src\양한석src\debug\11052.obj
c:\users\hs\source\repos\양한석src\양한석src\debug\16194.obj
c:\users\hs\source\repos\양한석src\양한석src\debug\2309.obj
c:\users\hs\source\repos\양한석src\양한석src\debug\3085.obj
c:\users\hs\source\repos\양한석src\양한석src\debug\15990.obj
c:\users\hs\source\repos\양한석src\양한석src\debug\1476.obj
c:\users\hs\source\repos\양한석src\양한석src\debug\10844.obj
c:\users\hs\source\repos\양한석src\양한석src\debug\2193.obj
c:\users\hs\source\repos\양한석src\양한석src\debug\11053.obj
c:\users\hs\source\repos\양한석src\debug\양한석src.exe
c:\users\hs\source\repos\양한석src\양한석src\debug\양한석src.ilk
c:\users\hs\source\repos\양한석src\debug\양한석src.pdb
c:\users\hs\source\repos\양한석src\양한석src\debug\양한석src.tlog\cl.command.1.tlog
c:\users\hs\source\repos\양한석src\양한석src\debug\양한석src.tlog\cl.read.1.tlog
c:\users\hs\source\repos\양한석src\양한석src\debug\양한석src.tlog\cl.write.1.tlog
c:\users\hs\source\repos\양한석src\양한석src\debug\양한석src.tlog\link.command.1.tlog
c:\users\hs\source\repos\양한석src\양한석src\debug\양한석src.tlog\link.read.1.tlog
c:\users\hs\source\repos\양한석src\양한석src\debug\양한석src.tlog\link.write.1.tlog
